#
# There is insufficient memory for the Java Runtime Environment to continue.
# Native memory allocation (malloc) failed to allocate 484656 bytes for Chunk::new
# Possible reasons:
#   The system is out of physical RAM or swap space
#   The process is running with CompressedOops enabled, and the Java Heap may be blocking the growth of the native heap
# Possible solutions:
#   Reduce memory load on the system
#   Increase physical memory or swap space
#   Check if swap backing store is full
#   Decrease Java heap size (-Xmx/-Xms)
#   Decrease number of Java threads
#   Decrease Java thread stack sizes (-Xss)
#   Set larger code cache with -XX:ReservedCodeCacheSize=
#   JVM is running with Zero Based Compressed Oops mode in which the Java heap is
#     placed in the first 32GB address space. The Java Heap base address is the
#     maximum limit for the native heap growth. Please use -XX:HeapBaseMinAddress
#     to set the Java Heap base and to place the Java Heap above 32GB virtual address.
# This output file may be truncated or incomplete.
#
#  Out of Memory Error (allocation.cpp:389), pid=15316, tid=0x0000000000000d3c
#
# JRE version: Java(TM) SE Runtime Environment (8.0_321-b07) (build 1.8.0_321-b07)
# Java VM: Java HotSpot(TM) 64-Bit Server VM (25.321-b07 mixed mode windows-amd64 compressed oops)
# Failed to write core dump. Minidumps are not enabled by default on client versions of Windows
#

---------------  T H R E A D  ---------------

Current thread (0x000001c5cdfb0800):  JavaThread "C2 CompilerThread2" daemon [_thread_in_native, id=3388, stack(0x0000000101600000,0x0000000101700000)]

Stack: [0x0000000101600000,0x0000000101700000]
Native frames: (J=compiled Java code, j=interpreted, Vv=VM code, C=native code)
V  [jvm.dll+0x32fc49]
V  [jvm.dll+0x2761a2]
V  [jvm.dll+0x276e4d]
V  [jvm.dll+0x26d7f5]
V  [jvm.dll+0xd5a0c]
V  [jvm.dll+0xd620c]
V  [jvm.dll+0x4716a3]
V  [jvm.dll+0x438c23]
V  [jvm.dll+0x441d65]
V  [jvm.dll+0x441125]
V  [jvm.dll+0x42becb]
V  [jvm.dll+0xac68b]
V  [jvm.dll+0xaaceb]
V  [jvm.dll+0x23e6f2]
V  [jvm.dll+0x292edc]
C  [ucrtbase.dll+0x21bb2]
C  [KERNEL32.DLL+0x17344]
C  [ntdll.dll+0x526b1]


Current CompileTask:
C2:   9112 1686       4       net.minecraft.src.BlockStationary::updateTick (193 bytes)


---------------  P R O C E S S  ---------------

Java Threads: ( => current thread )
  0x000001c5d6f17800 JavaThread "Connection #0 write thread" [_thread_blocked, id=5456, stack(0x0000000103300000,0x0000000103400000)]
  0x000001c5d6708800 JavaThread "Connection #0 read thread" [_thread_in_native, id=10080, stack(0x0000000103200000,0x0000000103300000)]
  0x000001c5d068f800 JavaThread "Listen thread" [_thread_in_native, id=5016, stack(0x0000000102e00000,0x0000000102f00000)]
  0x000001c5d0614000 JavaThread "D3D Screen Updater" daemon [_thread_blocked, id=14356, stack(0x0000000102f00000,0x0000000103000000)]
  0x000001c5b2de0000 JavaThread "DestroyJavaVM" [_thread_blocked, id=8852, stack(0x0000000100600000,0x0000000100700000)]
  0x000001c5d060d800 JavaThread "Server thread" [_thread_blocked, id=32, stack(0x0000000102d00000,0x0000000102e00000)]
  0x000001c5d0366000 JavaThread "TimerQueue" daemon [_thread_blocked, id=3324, stack(0x0000000101f00000,0x0000000102000000)]
  0x000001c5d0356000 JavaThread "AWT-EventQueue-0" [_thread_blocked, id=15184, stack(0x0000000101e00000,0x0000000101f00000)]
  0x000001c5cf6d1800 JavaThread "AWT-Windows" daemon [_thread_in_native, id=15480, stack(0x0000000101d00000,0x0000000101e00000)]
  0x000001c5cf6cf000 JavaThread "AWT-Shutdown" [_thread_blocked, id=17972, stack(0x0000000101c00000,0x0000000101d00000)]
  0x000001c5cf723000 JavaThread "Java2D Disposer" daemon [_thread_blocked, id=16464, stack(0x0000000101b00000,0x0000000101c00000)]
  0x000001c5cf3e5000 JavaThread "Thread-1" daemon [_thread_blocked, id=7788, stack(0x0000000101a00000,0x0000000101b00000)]
  0x000001c5ce02d800 JavaThread "Service Thread" daemon [_thread_blocked, id=14640, stack(0x0000000101800000,0x0000000101900000)]
  0x000001c5cdfb1800 JavaThread "C1 CompilerThread3" daemon [_thread_blocked, id=16244, stack(0x0000000101700000,0x0000000101800000)]
=>0x000001c5cdfb0800 JavaThread "C2 CompilerThread2" daemon [_thread_in_native, id=3388, stack(0x0000000101600000,0x0000000101700000)]
  0x000001c5cdfa6800 JavaThread "C2 CompilerThread1" daemon [_thread_blocked, id=9464, stack(0x0000000101500000,0x0000000101600000)]
  0x000001c5cdfa5000 JavaThread "C2 CompilerThread0" daemon [_thread_blocked, id=12708, stack(0x0000000101400000,0x0000000101500000)]
  0x000001c5cdfa1800 JavaThread "Attach Listener" daemon [_thread_blocked, id=15724, stack(0x0000000101300000,0x0000000101400000)]
  0x000001c5cdf9e800 JavaThread "Signal Dispatcher" daemon [_thread_blocked, id=3796, stack(0x0000000101200000,0x0000000101300000)]
  0x000001c5cdf80000 JavaThread "Finalizer" daemon [_thread_blocked, id=17760, stack(0x0000000101100000,0x0000000101200000)]
  0x000001c5cdf58800 JavaThread "Reference Handler" daemon [_thread_blocked, id=5620, stack(0x0000000101000000,0x0000000101100000)]

Other Threads:
  0x000001c5cdf55000 VMThread [stack: 0x0000000100f00000,0x0000000101000000] [id=6752]
  0x000001c5cf374000 WatcherThread [stack: 0x0000000101900000,0x0000000101a00000] [id=15884]

VM state:not at safepoint (normal execution)

VM Mutex/Monitor currently owned by a thread: None

heap address: 0x00000006c9200000, size: 3950 MB, Compressed Oops mode: Zero based, Oop shift amount: 3
Narrow klass base: 0x0000000000000000, Narrow klass shift: 3
Compressed class space size: 1073741824 Address: 0x00000007c0000000

Heap:
 PSYoungGen      total 138240K, used 6039K [0x000000076db80000, 0x0000000776c80000, 0x00000007c0000000)
  eden space 128000K, 4% used [0x000000076db80000,0x000000076e11dc38,0x0000000775880000)
  from space 10240K, 2% used [0x0000000776280000,0x00000007762c8020,0x0000000776c80000)
  to   space 10240K, 0% used [0x0000000775880000,0x0000000775880000,0x0000000776280000)
 ParOldGen       total 169472K, used 39351K [0x00000006c9200000, 0x00000006d3780000, 0x000000076db80000)
  object space 169472K, 23% used [0x00000006c9200000,0x00000006cb86dd40,0x00000006d3780000)
 Metaspace       used 14484K, capacity 14694K, committed 14976K, reserved 1062912K
  class space    used 1844K, capacity 1906K, committed 1920K, reserved 1048576K

Card table byte_map: [0x000001c5c3a10000,0x000001c5c41d0000] byte_map_base: 0x000001c5c03c7000

Marking Bits: (ParMarkBitMap*) 0x000000006ef29030
 Begin Bits: [0x000001c5c4700000, 0x000001c5c84b8000)
 End Bits:   [0x000001c5c84b8000, 0x000001c5cc270000)

Polling page: 0x000001c5b2d70000

CodeCache: size=245760Kb used=5627Kb max_used=5627Kb free=240132Kb
 bounds [0x000001c5b4650000, 0x000001c5b4be0000, 0x000001c5c3650000]
 total_blobs=2205 nmethods=1655 adapters=463
 compilation: enabled

Compilation events (10 events):
Event: 8.864 Thread 0x000001c5cdfb1800 nmethod 1682 0x000001c5b47bfe50 code [0x000001c5b47bffa0, 0x000001c5b47c0178]
Event: 8.962 Thread 0x000001c5cdfb1800 1683 %     3       net.minecraft.src.Chunk::getChunkData @ 171 (324 bytes)
Event: 8.963 Thread 0x000001c5cdfb1800 nmethod 1683% 0x000001c5b4bd3150 code [0x000001c5b4bd3380, 0x000001c5b4bd4380]
Event: 9.010 Thread 0x000001c5cdfb1800 1684       1       net.minecraft.src.EntityPlayerMP::getEyeHeight (4 bytes)
Event: 9.010 Thread 0x000001c5cdfb1800 nmethod 1684 0x000001c5b4bcb290 code [0x000001c5b4bcb400, 0x000001c5b4bcb518]
Event: 9.010 Thread 0x000001c5cdfb1800 1685 %     3       net.minecraft.src.Chunk::getChunkData @ 253 (324 bytes)
Event: 9.011 Thread 0x000001c5cdfb1800 nmethod 1685% 0x000001c5b4bd4ad0 code [0x000001c5b4bd4ce0, 0x000001c5b4bd5bc0]
Event: 9.060 Thread 0x000001c5cdfb0800 1686       4       net.minecraft.src.BlockStationary::updateTick (193 bytes)
Event: 9.061 Thread 0x000001c5cdfb1800 1687       3       net.minecraft.src.Chunk::getChunkData (324 bytes)
Event: 9.062 Thread 0x000001c5cdfb1800 nmethod 1687 0x000001c5b4bd62d0 code [0x000001c5b4bd64e0, 0x000001c5b4bd7220]

GC Heap History (10 events):
Event: 7.658 GC heap before
{Heap before GC invocations=26 (full 12):
 PSYoungGen      total 138240K, used 6630K [0x000000076db80000, 0x0000000776c80000, 0x00000007c0000000)
  eden space 128000K, 5% used [0x000000076db80000,0x000000076e1f9b78,0x0000000775880000)
  from space 10240K, 0% used [0x0000000775880000,0x0000000775880000,0x0000000776280000)
  to   space 10240K, 0% used [0x0000000776280000,0x0000000776280000,0x0000000776c80000)
 ParOldGen       total 169472K, used 39344K [0x00000006c9200000, 0x00000006d3780000, 0x000000076db80000)
  object space 169472K, 23% used [0x00000006c9200000,0x00000006cb86c078,0x00000006d3780000)
 Metaspace       used 14437K, capacity 14618K, committed 14720K, reserved 1062912K
  class space    used 1843K, capacity 1904K, committed 1920K, reserved 1048576K
Event: 7.659 GC heap after
Heap after GC invocations=26 (full 12):
 PSYoungGen      total 138240K, used 160K [0x000000076db80000, 0x0000000776c80000, 0x00000007c0000000)
  eden space 128000K, 0% used [0x000000076db80000,0x000000076db80000,0x0000000775880000)
  from space 10240K, 1% used [0x0000000776280000,0x00000007762a8000,0x0000000776c80000)
  to   space 10240K, 0% used [0x0000000775880000,0x0000000775880000,0x0000000776280000)
 ParOldGen       total 169472K, used 39344K [0x00000006c9200000, 0x00000006d3780000, 0x000000076db80000)
  object space 169472K, 23% used [0x00000006c9200000,0x00000006cb86c078,0x00000006d3780000)
 Metaspace       used 14437K, capacity 14618K, committed 14720K, reserved 1062912K
  class space    used 1843K, capacity 1904K, committed 1920K, reserved 1048576K
}
Event: 7.659 GC heap before
{Heap before GC invocations=27 (full 13):
 PSYoungGen      total 138240K, used 160K [0x000000076db80000, 0x0000000776c80000, 0x00000007c0000000)
  eden space 128000K, 0% used [0x000000076db80000,0x000000076db80000,0x0000000775880000)
  from space 10240K, 1% used [0x0000000776280000,0x00000007762a8000,0x0000000776c80000)
  to   space 10240K, 0% used [0x0000000775880000,0x0000000775880000,0x0000000776280000)
 ParOldGen       total 169472K, used 39344K [0x00000006c9200000, 0x00000006d3780000, 0x000000076db80000)
  object space 169472K, 23% used [0x00000006c9200000,0x00000006cb86c078,0x00000006d3780000)
 Metaspace       used 14437K, capacity 14618K, committed 14720K, reserved 1062912K
  class space    used 1843K, capacity 1904K, committed 1920K, reserved 1048576K
Event: 7.668 GC heap after
Heap after GC invocations=27 (full 13):
 PSYoungGen      total 138240K, used 0K [0x000000076db80000, 0x0000000776c80000, 0x00000007c0000000)
  eden space 128000K, 0% used [0x000000076db80000,0x000000076db80000,0x0000000775880000)
  from space 10240K, 0% used [0x0000000776280000,0x0000000776280000,0x0000000776c80000)
  to   space 10240K, 0% used [0x0000000775880000,0x0000000775880000,0x0000000776280000)
 ParOldGen       total 169472K, used 39346K [0x00000006c9200000, 0x00000006d3780000, 0x000000076db80000)
  object space 169472K, 23% used [0x00000006c9200000,0x00000006cb86cbb8,0x00000006d3780000)
 Metaspace       used 14437K, capacity 14618K, committed 14720K, reserved 1062912K
  class space    used 1843K, capacity 1904K, committed 1920K, reserved 1048576K
}
Event: 8.159 GC heap before
{Heap before GC invocations=28 (full 13):
 PSYoungGen      total 138240K, used 10505K [0x000000076db80000, 0x0000000776c80000, 0x00000007c0000000)
  eden space 128000K, 8% used [0x000000076db80000,0x000000076e5c25a8,0x0000000775880000)
  from space 10240K, 0% used [0x0000000776280000,0x0000000776280000,0x0000000776c80000)
  to   space 10240K, 0% used [0x0000000775880000,0x0000000775880000,0x0000000776280000)
 ParOldGen       total 169472K, used 39346K [0x00000006c9200000, 0x00000006d3780000, 0x000000076db80000)
  object space 169472K, 23% used [0x00000006c9200000,0x00000006cb86cbb8,0x00000006d3780000)
 Metaspace       used 14461K, capacity 14630K, committed 14720K, reserved 1062912K
  class space    used 1844K, capacity 1906K, committed 1920K, reserved 1048576K
Event: 8.160 GC heap after
Heap after GC invocations=28 (full 13):
 PSYoungGen      total 138240K, used 192K [0x000000076db80000, 0x0000000776c80000, 0x00000007c0000000)
  eden space 128000K, 0% used [0x000000076db80000,0x000000076db80000,0x0000000775880000)
  from space 10240K, 1% used [0x0000000775880000,0x00000007758b0000,0x0000000776280000)
  to   space 10240K, 0% used [0x0000000776280000,0x0000000776280000,0x0000000776c80000)
 ParOldGen       total 169472K, used 39346K [0x00000006c9200000, 0x00000006d3780000, 0x000000076db80000)
  object space 169472K, 23% used [0x00000006c9200000,0x00000006cb86cbb8,0x00000006d3780000)
 Metaspace       used 14461K, capacity 14630K, committed 14720K, reserved 1062912K
  class space    used 1844K, capacity 1906K, committed 1920K, reserved 1048576K
}
Event: 8.160 GC heap before
{Heap before GC invocations=29 (full 14):
 PSYoungGen      total 138240K, used 192K [0x000000076db80000, 0x0000000776c80000, 0x00000007c0000000)
  eden space 128000K, 0% used [0x000000076db80000,0x000000076db80000,0x0000000775880000)
  from space 10240K, 1% used [0x0000000775880000,0x00000007758b0000,0x0000000776280000)
  to   space 10240K, 0% used [0x0000000776280000,0x0000000776280000,0x0000000776c80000)
 ParOldGen       total 169472K, used 39346K [0x00000006c9200000, 0x00000006d3780000, 0x000000076db80000)
  object space 169472K, 23% used [0x00000006c9200000,0x00000006cb86cbb8,0x00000006d3780000)
 Metaspace       used 14461K, capacity 14630K, committed 14720K, reserved 1062912K
  class space    used 1844K, capacity 1906K, committed 1920K, reserved 1048576K
Event: 8.170 GC heap after
Heap after GC invocations=29 (full 14):
 PSYoungGen      total 138240K, used 0K [0x000000076db80000, 0x0000000776c80000, 0x00000007c0000000)
  eden space 128000K, 0% used [0x000000076db80000,0x000000076db80000,0x0000000775880000)
  from space 10240K, 0% used [0x0000000775880000,0x0000000775880000,0x0000000776280000)
  to   space 10240K, 0% used [0x0000000776280000,0x0000000776280000,0x0000000776c80000)
 ParOldGen       total 169472K, used 39351K [0x00000006c9200000, 0x00000006d3780000, 0x000000076db80000)
  object space 169472K, 23% used [0x00000006c9200000,0x00000006cb86dd40,0x00000006d3780000)
 Metaspace       used 14461K, capacity 14630K, committed 14720K, reserved 1062912K
  class space    used 1844K, capacity 1906K, committed 1920K, reserved 1048576K
}
Event: 8.662 GC heap before
{Heap before GC invocations=30 (full 14):
 PSYoungGen      total 138240K, used 8985K [0x000000076db80000, 0x0000000776c80000, 0x00000007c0000000)
  eden space 128000K, 7% used [0x000000076db80000,0x000000076e446530,0x0000000775880000)
  from space 10240K, 0% used [0x0000000775880000,0x0000000775880000,0x0000000776280000)
  to   space 10240K, 0% used [0x0000000776280000,0x0000000776280000,0x0000000776c80000)
 ParOldGen       total 169472K, used 39351K [0x00000006c9200000, 0x00000006d3780000, 0x000000076db80000)
  object space 169472K, 23% used [0x00000006c9200000,0x00000006cb86dd40,0x00000006d3780000)
 Metaspace       used 14471K, capacity 14694K, committed 14976K, reserved 1062912K
  class space    used 1844K, capacity 1906K, committed 1920K, reserved 1048576K
Event: 8.663 GC heap after
Heap after GC invocations=30 (full 14):
 PSYoungGen      total 138240K, used 288K [0x000000076db80000, 0x0000000776c80000, 0x00000007c0000000)
  eden space 128000K, 0% used [0x000000076db80000,0x000000076db80000,0x0000000775880000)
  from space 10240K, 2% used [0x0000000776280000,0x00000007762c8020,0x0000000776c80000)
  to   space 10240K, 0% used [0x0000000775880000,0x0000000775880000,0x0000000776280000)
 ParOldGen       total 169472K, used 39351K [0x00000006c9200000, 0x00000006d3780000, 0x000000076db80000)
  object space 169472K, 23% used [0x00000006c9200000,0x00000006cb86dd40,0x00000006d3780000)
 Metaspace       used 14471K, capacity 14694K, committed 14976K, reserved 1062912K
  class space    used 1844K, capacity 1906K, committed 1920K, reserved 1048576K
}

Deoptimization events (10 events):
Event: 6.544 Thread 0x000001c5d6708800 Uncommon trap: reason=bimorphic action=maybe_recompile pc=0x000001c5b49767bc method=java.io.DataInputStream.readInt()I @ 4
Event: 6.545 Thread 0x000001c5d6708800 Uncommon trap: reason=bimorphic action=maybe_recompile pc=0x000001c5b49767bc method=java.io.DataInputStream.readInt()I @ 4
Event: 6.567 Thread 0x000001c5d060d800 Uncommon trap: reason=unstable_if action=reinterpret pc=0x000001c5b4934940 method=java.util.HashMap.getNode(ILjava/lang/Object;)Ljava/util/HashMap$Node; @ 62
Event: 6.567 Thread 0x000001c5d060d800 Uncommon trap: reason=class_check action=maybe_recompile pc=0x000001c5b49a531c method=java.util.HashMap$TreeNode.find(ILjava/lang/Object;Ljava/lang/Class;)Ljava/util/HashMap$TreeNode; @ 68
Event: 6.567 Thread 0x000001c5d060d800 Uncommon trap: reason=unstable_if action=reinterpret pc=0x000001c5b4b49c34 method=java.util.HashMap$TreeNode.find(ILjava/lang/Object;Ljava/lang/Class;)Ljava/util/HashMap$TreeNode; @ 58
Event: 6.567 Thread 0x000001c5d060d800 Uncommon trap: reason=unstable_if action=reinterpret pc=0x000001c5b4957064 method=java.util.HashMap.getNode(ILjava/lang/Object;)Ljava/util/HashMap$Node; @ 62
Event: 7.462 Thread 0x000001c5d060d800 Uncommon trap: reason=unstable_if action=reinterpret pc=0x000001c5b4ab5194 method=net.minecraft.src.World.updateEntity(Lnet/minecraft/src/Entity;)V @ 157
Event: 8.362 Thread 0x000001c5d060d800 Uncommon trap: reason=class_check action=maybe_recompile pc=0x000001c5b4b167b8 method=net.minecraft.src.Entity.moveEntity(DDD)V @ 1507
Event: 8.513 Thread 0x000001c5d060d800 Uncommon trap: reason=class_check action=maybe_recompile pc=0x000001c5b4b167b8 method=net.minecraft.src.Entity.moveEntity(DDD)V @ 1507
Event: 8.912 Thread 0x000001c5d060d800 Uncommon trap: reason=class_check action=maybe_recompile pc=0x000001c5b4b167b8 method=net.minecraft.src.Entity.moveEntity(DDD)V @ 1507

Classes redefined (0 events):
No events

Internal exceptions (10 events):
Event: 2.007 Thread 0x000001c5d060d800 Exception <a 'java/io/IOException'> (0x000000076f9731f0) thrown at [C:\jenkins\workspace\8-2-build-windows-amd64-cygwin\jdk8u321\2141\hotspot\src\share\vm\prims\jni.cpp, line 710]
Event: 2.007 Thread 0x000001c5d060d800 Exception <a 'java/io/IOException'> (0x000000076f973450) thrown at [C:\jenkins\workspace\8-2-build-windows-amd64-cygwin\jdk8u321\2141\hotspot\src\share\vm\prims\jni.cpp, line 710]
Event: 6.524 Thread 0x000001c5d060d800 Exception <a 'java/io/IOException'> (0x000000076de4b9b0) thrown at [C:\jenkins\workspace\8-2-build-windows-amd64-cygwin\jdk8u321\2141\hotspot\src\share\vm\prims\jni.cpp, line 710]
Event: 6.524 Thread 0x000001c5d060d800 Exception <a 'java/io/IOException'> (0x000000076de4bc10) thrown at [C:\jenkins\workspace\8-2-build-windows-amd64-cygwin\jdk8u321\2141\hotspot\src\share\vm\prims\jni.cpp, line 710]
Event: 6.526 Thread 0x000001c5d060d800 Exception <a 'java/io/IOException'> (0x000000076de4dad8) thrown at [C:\jenkins\workspace\8-2-build-windows-amd64-cygwin\jdk8u321\2141\hotspot\src\share\vm\prims\jni.cpp, line 710]
Event: 6.526 Thread 0x000001c5d060d800 Exception <a 'java/io/IOException'> (0x000000076de4dd68) thrown at [C:\jenkins\workspace\8-2-build-windows-amd64-cygwin\jdk8u321\2141\hotspot\src\share\vm\prims\jni.cpp, line 710]
Event: 6.526 Thread 0x000001c5d060d800 Exception <a 'java/io/IOException'> (0x000000076de4dfc8) thrown at [C:\jenkins\workspace\8-2-build-windows-amd64-cygwin\jdk8u321\2141\hotspot\src\share\vm\prims\jni.cpp, line 710]
Event: 6.567 Thread 0x000001c5d060d800 Exception <a 'java/io/IOException'> (0x000000076de9f3f8) thrown at [C:\jenkins\workspace\8-2-build-windows-amd64-cygwin\jdk8u321\2141\hotspot\src\share\vm\prims\jni.cpp, line 710]
Event: 6.567 Thread 0x000001c5d060d800 Exception <a 'java/io/IOException'> (0x000000076de9f688) thrown at [C:\jenkins\workspace\8-2-build-windows-amd64-cygwin\jdk8u321\2141\hotspot\src\share\vm\prims\jni.cpp, line 710]
Event: 6.567 Thread 0x000001c5d060d800 Exception <a 'java/io/IOException'> (0x000000076de9f8e8) thrown at [C:\jenkins\workspace\8-2-build-windows-amd64-cygwin\jdk8u321\2141\hotspot\src\share\vm\prims\jni.cpp, line 710]

Events (10 events):
Event: 8.665 Executing VM operation: BulkRevokeBias
Event: 8.665 Executing VM operation: BulkRevokeBias done
Event: 8.665 Thread 0x000001c5cdfb1800 flushing nmethod 0x000001c5b47649d0
Event: 8.665 Thread 0x000001c5cdfb1800 flushing nmethod 0x000001c5b47707d0
Event: 8.666 Thread 0x000001c5cdfb1800 flushing nmethod 0x000001c5b47e3ad0
Event: 8.912 Thread 0x000001c5d060d800 Uncommon trap: trap_request=0xffffffde fr.pc=0x000001c5b4b167b8
Event: 8.912 Thread 0x000001c5d060d800 DEOPT PACKING pc=0x000001c5b4b167b8 sp=0x0000000102dfeb60
Event: 8.912 Thread 0x000001c5d060d800 DEOPT UNPACKING pc=0x000001c5b46958c3 sp=0x0000000102dfead0 mode 2
Event: 9.062 Executing VM operation: RevokeBias
Event: 9.062 Executing VM operation: RevokeBias done


Dynamic libraries:
0x00007ff745d90000 - 0x00007ff745dd7000 	C:\Program Files\Java\jre1.8.0_321\bin\javaw.exe
0x00007ff820df0000 - 0x00007ff820fe8000 	C:\WINDOWS\SYSTEM32\ntdll.dll
0x00007ff81f560000 - 0x00007ff81f61d000 	C:\WINDOWS\System32\KERNEL32.DLL
0x00007ff81ead0000 - 0x00007ff81edc6000 	C:\WINDOWS\System32\KERNELBASE.dll
0x00007ff8205f0000 - 0x00007ff82069e000 	C:\WINDOWS\System32\ADVAPI32.dll
0x00007ff820d10000 - 0x00007ff820dae000 	C:\WINDOWS\System32\msvcrt.dll
0x00007ff820400000 - 0x00007ff82049c000 	C:\WINDOWS\System32\sechost.dll
0x00007ff81fb80000 - 0x00007ff81fca6000 	C:\WINDOWS\System32\RPCRT4.dll
0x00007ff81f650000 - 0x00007ff81f7ee000 	C:\WINDOWS\System32\USER32.dll
0x00007ff81ee20000 - 0x00007ff81ee42000 	C:\WINDOWS\System32\win32u.dll
0x00007ff8206c0000 - 0x00007ff8206ec000 	C:\WINDOWS\System32\GDI32.dll
0x00007ff81e9b0000 - 0x00007ff81eaca000 	C:\WINDOWS\System32\gdi32full.dll
0x00007ff81e4d0000 - 0x00007ff81e56d000 	C:\WINDOWS\System32\msvcp_win.dll
0x00007ff81e570000 - 0x00007ff81e670000 	C:\WINDOWS\System32\ucrtbase.dll
0x00007ff80b330000 - 0x00007ff80b5ca000 	C:\WINDOWS\WinSxS\amd64_microsoft.windows.common-controls_6595b64144ccf1df_6.0.19041.1110_none_60b5254171f9507e\COMCTL32.dll
0x00007ff81f620000 - 0x00007ff81f650000 	C:\WINDOWS\System32\IMM32.DLL
0x00007ff819850000 - 0x00007ff819865000 	C:\Program Files\Java\jre1.8.0_321\bin\vcruntime140.dll
0x00007ffff7f10000 - 0x00007ffff7fab000 	C:\Program Files\Java\jre1.8.0_321\bin\msvcp140.dll
0x000000006e740000 - 0x000000006efa1000 	C:\Program Files\Java\jre1.8.0_321\bin\server\jvm.dll
0x00007ff81fb70000 - 0x00007ff81fb78000 	C:\WINDOWS\System32\PSAPI.DLL
0x00007ff814470000 - 0x00007ff81447a000 	C:\WINDOWS\SYSTEM32\VERSION.dll
0x00007ff814440000 - 0x00007ff814467000 	C:\WINDOWS\SYSTEM32\WINMM.dll
0x00007ff81b740000 - 0x00007ff81b749000 	C:\WINDOWS\SYSTEM32\WSOCK32.dll
0x00007ff81faa0000 - 0x00007ff81fb0b000 	C:\WINDOWS\System32\WS2_32.dll
0x00007ff81ccd0000 - 0x00007ff81cce2000 	C:\WINDOWS\SYSTEM32\kernel.appcore.dll
0x00007ff81b610000 - 0x00007ff81b620000 	C:\Program Files\Java\jre1.8.0_321\bin\verify.dll
0x00007ff8174b0000 - 0x00007ff8174db000 	C:\Program Files\Java\jre1.8.0_321\bin\java.dll
0x00007ff818f90000 - 0x00007ff818fa8000 	C:\Program Files\Java\jre1.8.0_321\bin\zip.dll
0x00007ff81fcb0000 - 0x00007ff8203f5000 	C:\WINDOWS\System32\SHELL32.dll
0x00007ff81c050000 - 0x00007ff81c7eb000 	C:\WINDOWS\SYSTEM32\windows.storage.dll
0x00007ff8208e0000 - 0x00007ff820c34000 	C:\WINDOWS\System32\combase.dll
0x00007ff81df10000 - 0x00007ff81df3e000 	C:\WINDOWS\SYSTEM32\Wldp.dll
0x00007ff820820000 - 0x00007ff8208cd000 	C:\WINDOWS\System32\SHCORE.dll
0x00007ff81f000000 - 0x00007ff81f055000 	C:\WINDOWS\System32\shlwapi.dll
0x00007ff81e400000 - 0x00007ff81e425000 	C:\WINDOWS\SYSTEM32\profapi.dll
0x00007fffd8450000 - 0x00007fffd85e5000 	C:\Program Files\Java\jre1.8.0_321\bin\awt.dll
0x00007ff820c40000 - 0x00007ff820d0d000 	C:\WINDOWS\System32\OLEAUT32.dll
0x00007ff81b750000 - 0x00007ff81b7e1000 	C:\WINDOWS\SYSTEM32\apphelp.dll
0x00007ff81b8e0000 - 0x00007ff81b97e000 	C:\WINDOWS\system32\uxtheme.dll
0x00007ff81f7f0000 - 0x00007ff81f904000 	C:\WINDOWS\System32\MSCTF.dll
0x00007ff8206f0000 - 0x00007ff82081a000 	C:\WINDOWS\System32\ole32.dll
0x00007ff81e920000 - 0x00007ff81e9a2000 	C:\WINDOWS\System32\bcryptPrimitives.dll
0x00007ff81bb60000 - 0x00007ff81bb8f000 	C:\WINDOWS\system32\DWMAPI.DLL
0x00007ff800c60000 - 0x00007ff800ca9000 	C:\Program Files\Java\jre1.8.0_321\bin\fontmanager.dll
0x00007ff818f30000 - 0x00007ff818f4c000 	C:\Program Files\Java\jre1.8.0_321\bin\net.dll
0x00007ff81dc70000 - 0x00007ff81dcda000 	C:\WINDOWS\system32\mswsock.dll
0x00007ff817470000 - 0x00007ff817483000 	C:\Program Files\Java\jre1.8.0_321\bin\nio.dll
0x00007fffdc490000 - 0x00007fffdc5b5000 	C:\WINDOWS\system32\opengl32.dll
0x00007fffdd3e0000 - 0x00007fffdd40c000 	C:\WINDOWS\SYSTEM32\GLU32.dll
0x00007ff8120b0000 - 0x00007ff81227d000 	C:\WINDOWS\system32\d3d9.dll
0x00007ff814480000 - 0x00007ff814638000 	C:\WINDOWS\System32\DriverStore\FileRepository\u0375185.inf_amd64_73f65969b9079bf6\B375122\aticfx64.dll
0x00007ff8171a0000 - 0x00007ff8171d4000 	C:\WINDOWS\System32\DriverStore\FileRepository\u0375185.inf_amd64_73f65969b9079bf6\B375122\atiu9p64.dll
0x00007fffc58f0000 - 0x00007fffc6644000 	C:\WINDOWS\System32\DriverStore\FileRepository\u0375185.inf_amd64_73f65969b9079bf6\B375122\atiumd64.dll
0x00007ff81c8b0000 - 0x00007ff81ca94000 	C:\WINDOWS\SYSTEM32\dbghelp.dll
0x00007ff809c70000 - 0x00007ff809ca4000 	C:\WINDOWS\SYSTEM32\dbgcore.DLL
0x000000006f280000 - 0x00000000700f3000 	C:\WINDOWS\System32\DriverStore\FileRepository\u0375185.inf_amd64_73f65969b9079bf6\B375122\atiumd6a.dll
0x00007ff81f060000 - 0x00007ff81f4ce000 	C:\WINDOWS\System32\SETUPAPI.dll
0x00007ff81edd0000 - 0x00007ff81ee1e000 	C:\WINDOWS\System32\cfgmgr32.dll
0x00007ff81e670000 - 0x00007ff81e697000 	C:\WINDOWS\System32\bcrypt.dll
0x00007ff81da30000 - 0x00007ff81da7b000 	C:\WINDOWS\SYSTEM32\POWRPROF.dll
0x00007ff81d8f0000 - 0x00007ff81d902000 	C:\WINDOWS\SYSTEM32\UMPDC.dll
0x00007ff812490000 - 0x00007ff8124c0000 	C:\WINDOWS\SYSTEM32\amdihk64.dll
0x00007ff814f70000 - 0x00007ff814fab000 	C:\WINDOWS\SYSTEM32\dxcore.dll
0x00007ffff1380000 - 0x00007ffff13c3000 	C:\Program Files\Java\jre1.8.0_321\bin\t2k.dll
0x00007ff81f970000 - 0x00007ff81fa19000 	C:\WINDOWS\System32\clbcatq.dll
0x00007ff817e80000 - 0x00007ff818034000 	C:\WINDOWS\SYSTEM32\WindowsCodecs.dll
0x00007ff816a00000 - 0x00007ff816a3e000 	C:\WINDOWS\system32\dataexchange.dll
0x00007ff81ab60000 - 0x00007ff81ad43000 	C:\WINDOWS\system32\dcomp.dll
0x00007ff81a330000 - 0x00007ff81a593000 	C:\WINDOWS\system32\d3d11.dll
0x00007ff81cd40000 - 0x00007ff81ce33000 	C:\WINDOWS\system32\dxgi.dll
0x00007ff817bc0000 - 0x00007ff817dc7000 	C:\WINDOWS\system32\twinapi.appcore.dll
0x00007ff811ac0000 - 0x00007ff811bba000 	C:\WINDOWS\SYSTEM32\textinputframework.dll
0x00007ff81ae30000 - 0x00007ff81b18e000 	C:\WINDOWS\System32\CoreUIComponents.dll
0x00007ff81b510000 - 0x00007ff81b602000 	C:\WINDOWS\System32\CoreMessaging.dll
0x00007ff81d630000 - 0x00007ff81d663000 	C:\WINDOWS\SYSTEM32\ntmarta.dll
0x00007ff819d70000 - 0x00007ff819ec5000 	C:\WINDOWS\SYSTEM32\wintypes.dll

VM Arguments:
java_command: C:\Users\zaqma\Desktop\RosePad server\RosepadServer.jar
java_class_path (initial): C:\Users\zaqma\Desktop\RosePad server\RosepadServer.jar
Launcher Type: SUN_STANDARD

Environment Variables:
PATH=C:\Program Files (x86)\Common Files\Intel\Shared Libraries\redist\intel64_win\compiler;C:\Program Files (x86)\Common Files\Oracle\Java\javapath;C:\WINDOWS\system32;C:\WINDOWS;C:\WINDOWS\System32\Wbem;C:\WINDOWS\System32\WindowsPowerShell\v1.0\;C:\WINDOWS\System32\OpenSSH\;C:\Users\zaqma\AppData\Local\Microsoft\WindowsApps;C:\adb;C:\Program Files (x86)\nodejs\;C:\Program Files\Git\cmd;C:\Program Files (x86)\CodeBlocks\MinGW\bin;C:\php\php-7.0.16;C:\Users\zaqma\AppData\Local\Microsoft\WindowsApps;C:\Users\zaqma\AppData\Local\GitHubDesktop\bin;C:\Users\zaqma\AppData\Roaming\npm;C:\Altirra-3.90;C:\MADS;C:\Program Files\CMake\bin;C:\Program Files\JetBrains\IntelliJ IDEA Community Edition 2023.1\bin;;C:\php;;C:\Program Files\JetBrains\CLion 2023.1.2\bin;;C:\Program Files\JetBrains\IntelliJ IDEA 2023.1.1\bin;;C:\Program Files\JetBrains\JetBrains Rider 2023.2\bin;
USERNAME=zaqma
OS=Windows_NT
PROCESSOR_IDENTIFIER=AMD64 Family 23 Model 96 Stepping 1, AuthenticAMD



---------------  S Y S T E M  ---------------

OS: Windows 10 , 64 bit Build 19041 (10.0.19041.3393)

CPU:total 8 (initial active 8) (8 cores per cpu, 1 threads per core) family 23 model 96 stepping 1, cmov, cx8, fxsr, mmx, sse, sse2, sse3, ssse3, sse4.1, sse4.2, popcnt, avx, avx2, aes, clmul, mmxext, 3dnowpref, lzcnt, sse4a, tsc, tscinvbit, tscinv, bmi1

Memory: 4k page, physical 16171176k(796760k free), swap 20298264k(4168k free)

vm_info: Java HotSpot(TM) 64-Bit Server VM (25.321-b07) for windows-amd64 JRE (1.8.0_321-b07), built on Dec 15 2021 11:19:20 by "java_re" with MS VC++ 15.9 (VS2017)

time: Wed Oct 11 14:50:02 2023
timezone: Central European Standard Time
elapsed time: 9.116296 seconds (0d 0h 0m 9s)

