#
# There is insufficient memory for the Java Runtime Environment to continue.
# Native memory allocation (malloc) failed to allocate 1387472 bytes for Chunk::new
# Possible reasons:
#   The system is out of physical RAM or swap space
#   The process is running with CompressedOops enabled, and the Java Heap may be blocking the growth of the native heap
# Possible solutions:
#   Reduce memory load on the system
#   Increase physical memory or swap space
#   Check if swap backing store is full
#   Decrease Java heap size (-Xmx/-Xms)
#   Decrease number of Java threads
#   Decrease Java thread stack sizes (-Xss)
#   Set larger code cache with -XX:ReservedCodeCacheSize=
#   JVM is running with Zero Based Compressed Oops mode in which the Java heap is
#     placed in the first 32GB address space. The Java Heap base address is the
#     maximum limit for the native heap growth. Please use -XX:HeapBaseMinAddress
#     to set the Java Heap base and to place the Java Heap above 32GB virtual address.
# This output file may be truncated or incomplete.
#
#  Out of Memory Error (allocation.cpp:389), pid=12424, tid=0x000000000000453c
#
# JRE version: Java(TM) SE Runtime Environment (8.0_321-b07) (build 1.8.0_321-b07)
# Java VM: Java HotSpot(TM) 64-Bit Server VM (25.321-b07 mixed mode windows-amd64 compressed oops)
# Failed to write core dump. Minidumps are not enabled by default on client versions of Windows
#

---------------  T H R E A D  ---------------

Current thread (0x0000023fdd65c000):  JavaThread "C2 CompilerThread1" daemon [_thread_in_native, id=17724, stack(0x0000004a14300000,0x0000004a14400000)]

Stack: [0x0000004a14300000,0x0000004a14400000]
Native frames: (J=compiled Java code, j=interpreted, Vv=VM code, C=native code)
V  [jvm.dll+0x32fc49]
V  [jvm.dll+0x2761a2]
V  [jvm.dll+0x276e4d]
V  [jvm.dll+0x26d7f5]
V  [jvm.dll+0xd5a0c]
V  [jvm.dll+0xd620c]
V  [jvm.dll+0x4716f5]
V  [jvm.dll+0x438f18]
V  [jvm.dll+0x441d65]
V  [jvm.dll+0x441125]
V  [jvm.dll+0x42becb]
V  [jvm.dll+0xac68b]
V  [jvm.dll+0xaaceb]
V  [jvm.dll+0x23e6f2]
V  [jvm.dll+0x292edc]
C  [ucrtbase.dll+0x21bb2]
C  [KERNEL32.DLL+0x17344]
C  [ntdll.dll+0x526b1]


Current CompileTask:
C2:   3431 1084       4       net.minecraft.src.Entity::moveEntity (1815 bytes)


---------------  P R O C E S S  ---------------

Java Threads: ( => current thread )
  0x0000023fdfcc4800 JavaThread "Listen thread" [_thread_in_native, id=12008, stack(0x0000004a15d00000,0x0000004a15e00000)]
  0x0000023fdfc4d800 JavaThread "D3D Screen Updater" daemon [_thread_blocked, id=16640, stack(0x0000004a15c00000,0x0000004a15d00000)]
  0x0000023fc2431000 JavaThread "DestroyJavaVM" [_thread_blocked, id=16788, stack(0x0000004a13400000,0x0000004a13500000)]
  0x0000023fdfc45000 JavaThread "Server thread" [_thread_blocked, id=14908, stack(0x0000004a15b00000,0x0000004a15c00000)]
  0x0000023fdf991000 JavaThread "TimerQueue" daemon [_thread_blocked, id=412, stack(0x0000004a14d00000,0x0000004a14e00000)]
  0x0000023fdf98d000 JavaThread "AWT-EventQueue-0" [_thread_blocked, id=4308, stack(0x0000004a14c00000,0x0000004a14d00000)]
  0x0000023fded68000 JavaThread "AWT-Windows" daemon [_thread_in_native, id=14744, stack(0x0000004a14b00000,0x0000004a14c00000)]
  0x0000023fded67000 JavaThread "AWT-Shutdown" [_thread_blocked, id=8124, stack(0x0000004a14a00000,0x0000004a14b00000)]
  0x0000023fded78000 JavaThread "Java2D Disposer" daemon [_thread_blocked, id=10904, stack(0x0000004a14900000,0x0000004a14a00000)]
  0x0000023fdea6e000 JavaThread "Thread-1" daemon [_thread_blocked, id=12428, stack(0x0000004a14800000,0x0000004a14900000)]
  0x0000023fdd6de800 JavaThread "Service Thread" daemon [_thread_blocked, id=11716, stack(0x0000004a14600000,0x0000004a14700000)]
  0x0000023fdd673000 JavaThread "C1 CompilerThread3" daemon [_thread_blocked, id=7192, stack(0x0000004a14500000,0x0000004a14600000)]
  0x0000023fdd66a000 JavaThread "C2 CompilerThread2" daemon [_thread_blocked, id=2940, stack(0x0000004a14400000,0x0000004a14500000)]
=>0x0000023fdd65c000 JavaThread "C2 CompilerThread1" daemon [_thread_in_native, id=17724, stack(0x0000004a14300000,0x0000004a14400000)]
  0x0000023fdd659800 JavaThread "C2 CompilerThread0" daemon [_thread_blocked, id=16936, stack(0x0000004a14200000,0x0000004a14300000)]
  0x0000023fdd654000 JavaThread "Attach Listener" daemon [_thread_blocked, id=17384, stack(0x0000004a14100000,0x0000004a14200000)]
  0x0000023fdd653000 JavaThread "Signal Dispatcher" daemon [_thread_blocked, id=14212, stack(0x0000004a14000000,0x0000004a14100000)]
  0x0000023fdca3e000 JavaThread "Finalizer" daemon [_thread_blocked, id=15604, stack(0x0000004a13f00000,0x0000004a14000000)]
  0x0000023fdca3c800 JavaThread "Reference Handler" daemon [_thread_blocked, id=12648, stack(0x0000004a13e00000,0x0000004a13f00000)]

Other Threads:
  0x0000023fdd605000 VMThread [stack: 0x0000004a13d00000,0x0000004a13e00000] [id=13584]
  0x0000023fdea1e800 WatcherThread [stack: 0x0000004a14700000,0x0000004a14800000] [id=8516]

VM state:not at safepoint (normal execution)

VM Mutex/Monitor currently owned by a thread: None

heap address: 0x00000006c9200000, size: 3950 MB, Compressed Oops mode: Zero based, Oop shift amount: 3
Narrow klass base: 0x0000000000000000, Narrow klass shift: 3
Compressed class space size: 1073741824 Address: 0x00000007c0000000

Heap:
 PSYoungGen      total 74240K, used 5120K [0x000000076db80000, 0x0000000772e00000, 0x00000007c0000000)
  eden space 64000K, 8% used [0x000000076db80000,0x000000076e080058,0x0000000771a00000)
  from space 10240K, 0% used [0x0000000772400000,0x0000000772400000,0x0000000772e00000)
  to   space 10240K, 0% used [0x0000000771a00000,0x0000000771a00000,0x0000000772400000)
 ParOldGen       total 169472K, used 39157K [0x00000006c9200000, 0x00000006d3780000, 0x000000076db80000)
  object space 169472K, 23% used [0x00000006c9200000,0x00000006cb83d650,0x00000006d3780000)
 Metaspace       used 13709K, capacity 13926K, committed 14208K, reserved 1060864K
  class space    used 1787K, capacity 1872K, committed 1920K, reserved 1048576K

Card table byte_map: [0x0000023fd3120000,0x0000023fd38e0000] byte_map_base: 0x0000023fcfad7000

Marking Bits: (ParMarkBitMap*) 0x000000006ef29030
 Begin Bits: [0x0000023fd3e10000, 0x0000023fd7bc8000)
 End Bits:   [0x0000023fd7bc8000, 0x0000023fdb980000)

Polling page: 0x0000023fc2520000

CodeCache: size=245760Kb used=3657Kb max_used=3664Kb free=242102Kb
 bounds [0x0000023fc3d60000, 0x0000023fc4100000, 0x0000023fd2d60000]
 total_blobs=1675 nmethods=1130 adapters=458
 compilation: enabled

Compilation events (10 events):
Event: 3.364 Thread 0x0000023fdd673000 nmethod 1127 0x0000023fc40f2750 code [0x0000023fc40f2940, 0x0000023fc40f3500]
Event: 3.364 Thread 0x0000023fdd659800 1130       4       net.minecraft.src.NBTBase::getKey (17 bytes)
Event: 3.364 Thread 0x0000023fdd673000 1125       3       java.util.zip.DeflaterOutputStream::deflate (36 bytes)
Event: 3.365 Thread 0x0000023fdd673000 nmethod 1125 0x0000023fc40ef410 code [0x0000023fc40ef5a0, 0x0000023fc40ef8e0]
Event: 3.365 Thread 0x0000023fdd673000 1126       3       java.util.zip.DeflaterOutputStream::write (21 bytes)
Event: 3.365 Thread 0x0000023fdd659800 nmethod 1130 0x0000023fc40cc690 code [0x0000023fc40cc7c0, 0x0000023fc40cc838]
Event: 3.365 Thread 0x0000023fdd673000 nmethod 1126 0x0000023fc40eef50 code [0x0000023fc40ef0c0, 0x0000023fc40ef370]
Event: 3.365 Thread 0x0000023fdd66a000 nmethod 1128 0x0000023fc40f5110 code [0x0000023fc40f5260, 0x0000023fc40f5498]
Event: 3.386 Thread 0x0000023fdd659800 1131       4       net.minecraft.src.World::isBoundingBoxBurning (156 bytes)
Event: 3.398 Thread 0x0000023fdd659800 nmethod 1131 0x0000023fc40f5550 code [0x0000023fc40f5720, 0x0000023fc40f66f8]

GC Heap History (10 events):
Event: 2.045 GC heap before
{Heap before GC invocations=4 (full 2):
 PSYoungGen      total 74240K, used 10228K [0x000000076db80000, 0x0000000772e00000, 0x00000007c0000000)
  eden space 64000K, 0% used [0x000000076db80000,0x000000076db80000,0x0000000771a00000)
  from space 10240K, 99% used [0x0000000772400000,0x0000000772dfd1b0,0x0000000772e00000)
  to   space 10240K, 0% used [0x0000000771a00000,0x0000000771a00000,0x0000000772400000)
 ParOldGen       total 169472K, used 9745K [0x00000006c9200000, 0x00000006d3780000, 0x000000076db80000)
  object space 169472K, 5% used [0x00000006c9200000,0x00000006c9b84598,0x00000006d3780000)
 Metaspace       used 13451K, capacity 13722K, committed 13952K, reserved 1060864K
  class space    used 1770K, capacity 1870K, committed 1920K, reserved 1048576K
Event: 2.074 GC heap after
Heap after GC invocations=4 (full 2):
 PSYoungGen      total 74240K, used 0K [0x000000076db80000, 0x0000000772e00000, 0x00000007c0000000)
  eden space 64000K, 0% used [0x000000076db80000,0x000000076db80000,0x0000000771a00000)
  from space 10240K, 0% used [0x0000000772400000,0x0000000772400000,0x0000000772e00000)
  to   space 10240K, 0% used [0x0000000771a00000,0x0000000771a00000,0x0000000772400000)
 ParOldGen       total 169472K, used 19534K [0x00000006c9200000, 0x00000006d3780000, 0x000000076db80000)
  object space 169472K, 11% used [0x00000006c9200000,0x00000006ca5138b0,0x00000006d3780000)
 Metaspace       used 13451K, capacity 13722K, committed 13952K, reserved 1060864K
  class space    used 1770K, capacity 1870K, committed 1920K, reserved 1048576K
}
Event: 2.537 GC heap before
{Heap before GC invocations=5 (full 2):
 PSYoungGen      total 74240K, used 28256K [0x000000076db80000, 0x0000000772e00000, 0x00000007c0000000)
  eden space 64000K, 44% used [0x000000076db80000,0x000000076f718140,0x0000000771a00000)
  from space 10240K, 0% used [0x0000000772400000,0x0000000772400000,0x0000000772e00000)
  to   space 10240K, 0% used [0x0000000771a00000,0x0000000771a00000,0x0000000772400000)
 ParOldGen       total 169472K, used 19534K [0x00000006c9200000, 0x00000006d3780000, 0x000000076db80000)
  object space 169472K, 11% used [0x00000006c9200000,0x00000006ca5138b0,0x00000006d3780000)
 Metaspace       used 13525K, capacity 13734K, committed 13952K, reserved 1060864K
  class space    used 1771K, capacity 1872K, committed 1920K, reserved 1048576K
Event: 2.546 GC heap after
Heap after GC invocations=5 (full 2):
 PSYoungGen      total 74240K, used 10231K [0x000000076db80000, 0x0000000772e00000, 0x00000007c0000000)
  eden space 64000K, 0% used [0x000000076db80000,0x000000076db80000,0x0000000771a00000)
  from space 10240K, 99% used [0x0000000771a00000,0x00000007723fde60,0x0000000772400000)
  to   space 10240K, 0% used [0x0000000772400000,0x0000000772400000,0x0000000772e00000)
 ParOldGen       total 169472K, used 29365K [0x00000006c9200000, 0x00000006d3780000, 0x000000076db80000)
  object space 169472K, 17% used [0x00000006c9200000,0x00000006caead6f0,0x00000006d3780000)
 Metaspace       used 13525K, capacity 13734K, committed 13952K, reserved 1060864K
  class space    used 1771K, capacity 1872K, committed 1920K, reserved 1048576K
}
Event: 2.546 GC heap before
{Heap before GC invocations=6 (full 3):
 PSYoungGen      total 74240K, used 10231K [0x000000076db80000, 0x0000000772e00000, 0x00000007c0000000)
  eden space 64000K, 0% used [0x000000076db80000,0x000000076db80000,0x0000000771a00000)
  from space 10240K, 99% used [0x0000000771a00000,0x00000007723fde60,0x0000000772400000)
  to   space 10240K, 0% used [0x0000000772400000,0x0000000772400000,0x0000000772e00000)
 ParOldGen       total 169472K, used 29365K [0x00000006c9200000, 0x00000006d3780000, 0x000000076db80000)
  object space 169472K, 17% used [0x00000006c9200000,0x00000006caead6f0,0x00000006d3780000)
 Metaspace       used 13525K, capacity 13734K, committed 13952K, reserved 1060864K
  class space    used 1771K, capacity 1872K, committed 1920K, reserved 1048576K
Event: 2.570 GC heap after
Heap after GC invocations=6 (full 3):
 PSYoungGen      total 74240K, used 0K [0x000000076db80000, 0x0000000772e00000, 0x00000007c0000000)
  eden space 64000K, 0% used [0x000000076db80000,0x000000076db80000,0x0000000771a00000)
  from space 10240K, 0% used [0x0000000771a00000,0x0000000771a00000,0x0000000772400000)
  to   space 10240K, 0% used [0x0000000772400000,0x0000000772400000,0x0000000772e00000)
 ParOldGen       total 169472K, used 39006K [0x00000006c9200000, 0x00000006d3780000, 0x000000076db80000)
  object space 169472K, 23% used [0x00000006c9200000,0x00000006cb817b80,0x00000006d3780000)
 Metaspace       used 13525K, capacity 13734K, committed 13952K, reserved 1060864K
  class space    used 1771K, capacity 1872K, committed 1920K, reserved 1048576K
}
Event: 3.041 GC heap before
{Heap before GC invocations=7 (full 3):
 PSYoungGen      total 74240K, used 6400K [0x000000076db80000, 0x0000000772e00000, 0x00000007c0000000)
  eden space 64000K, 10% used [0x000000076db80000,0x000000076e1c00d0,0x0000000771a00000)
  from space 10240K, 0% used [0x0000000771a00000,0x0000000771a00000,0x0000000772400000)
  to   space 10240K, 0% used [0x0000000772400000,0x0000000772400000,0x0000000772e00000)
 ParOldGen       total 169472K, used 39006K [0x00000006c9200000, 0x00000006d3780000, 0x000000076db80000)
  object space 169472K, 23% used [0x00000006c9200000,0x00000006cb817b80,0x00000006d3780000)
 Metaspace       used 13674K, capacity 13926K, committed 14208K, reserved 1060864K
  class space    used 1787K, capacity 1872K, committed 1920K, reserved 1048576K
Event: 3.043 GC heap after
Heap after GC invocations=7 (full 3):
 PSYoungGen      total 74240K, used 448K [0x000000076db80000, 0x0000000772e00000, 0x00000007c0000000)
  eden space 64000K, 0% used [0x000000076db80000,0x000000076db80000,0x0000000771a00000)
  from space 10240K, 4% used [0x0000000772400000,0x0000000772470000,0x0000000772e00000)
  to   space 10240K, 0% used [0x0000000771a00000,0x0000000771a00000,0x0000000772400000)
 ParOldGen       total 169472K, used 39014K [0x00000006c9200000, 0x00000006d3780000, 0x000000076db80000)
  object space 169472K, 23% used [0x00000006c9200000,0x00000006cb819b80,0x00000006d3780000)
 Metaspace       used 13674K, capacity 13926K, committed 14208K, reserved 1060864K
  class space    used 1787K, capacity 1872K, committed 1920K, reserved 1048576K
}
Event: 3.043 GC heap before
{Heap before GC invocations=8 (full 4):
 PSYoungGen      total 74240K, used 448K [0x000000076db80000, 0x0000000772e00000, 0x00000007c0000000)
  eden space 64000K, 0% used [0x000000076db80000,0x000000076db80000,0x0000000771a00000)
  from space 10240K, 4% used [0x0000000772400000,0x0000000772470000,0x0000000772e00000)
  to   space 10240K, 0% used [0x0000000771a00000,0x0000000771a00000,0x0000000772400000)
 ParOldGen       total 169472K, used 39014K [0x00000006c9200000, 0x00000006d3780000, 0x000000076db80000)
  object space 169472K, 23% used [0x00000006c9200000,0x00000006cb819b80,0x00000006d3780000)
 Metaspace       used 13674K, capacity 13926K, committed 14208K, reserved 1060864K
  class space    used 1787K, capacity 1872K, committed 1920K, reserved 1048576K
Event: 3.083 GC heap after
Heap after GC invocations=8 (full 4):
 PSYoungGen      total 74240K, used 0K [0x000000076db80000, 0x0000000772e00000, 0x00000007c0000000)
  eden space 64000K, 0% used [0x000000076db80000,0x000000076db80000,0x0000000771a00000)
  from space 10240K, 0% used [0x0000000772400000,0x0000000772400000,0x0000000772e00000)
  to   space 10240K, 0% used [0x0000000771a00000,0x0000000771a00000,0x0000000772400000)
 ParOldGen       total 169472K, used 39157K [0x00000006c9200000, 0x00000006d3780000, 0x000000076db80000)
  object space 169472K, 23% used [0x00000006c9200000,0x00000006cb83d650,0x00000006d3780000)
 Metaspace       used 13674K, capacity 13926K, committed 14208K, reserved 1060864K
  class space    used 1787K, capacity 1872K, committed 1920K, reserved 1048576K
}

Deoptimization events (10 events):
Event: 1.372 Thread 0x0000023fdf98d000 Uncommon trap: reason=class_check action=maybe_recompile pc=0x0000023fc3ecd7f4 method=java.lang.String.equals(Ljava/lang/Object;)Z @ 8
Event: 1.372 Thread 0x0000023fdf98d000 Uncommon trap: reason=class_check action=maybe_recompile pc=0x0000023fc3ecd7f4 method=java.lang.String.equals(Ljava/lang/Object;)Z @ 8
Event: 1.390 Thread 0x0000023fdf98d000 Uncommon trap: reason=class_check action=maybe_recompile pc=0x0000023fc3ecd7f4 method=java.lang.String.equals(Ljava/lang/Object;)Z @ 8
Event: 1.848 Thread 0x0000023fdfc45000 Uncommon trap: reason=unstable_if action=reinterpret pc=0x0000023fc3fe71b0 method=java.util.HashMap.putVal(ILjava/lang/Object;Ljava/lang/Object;ZZ)Ljava/lang/Object; @ 162
Event: 1.848 Thread 0x0000023fdfc45000 Uncommon trap: reason=unstable_if action=reinterpret pc=0x0000023fc3f6cd04 method=java.util.HashMap.getNode(ILjava/lang/Object;)Ljava/util/HashMap$Node; @ 84
Event: 1.848 Thread 0x0000023fdfc45000 Uncommon trap: reason=unstable_if action=reinterpret pc=0x0000023fc3fe3e60 method=java.util.HashMap.getNode(ILjava/lang/Object;)Ljava/util/HashMap$Node; @ 84
Event: 3.335 Thread 0x0000023fdfc45000 Uncommon trap: reason=bimorphic action=maybe_recompile pc=0x0000023fc403bba8 method=java.io.DataInputStream.readFully([BII)V @ 34
Event: 3.341 Thread 0x0000023fdfc45000 Uncommon trap: reason=bimorphic action=maybe_recompile pc=0x0000023fc403bba8 method=java.io.DataInputStream.readFully([BII)V @ 34
Event: 3.342 Thread 0x0000023fdfc45000 Uncommon trap: reason=bimorphic action=maybe_recompile pc=0x0000023fc403bba8 method=java.io.DataInputStream.readFully([BII)V @ 34
Event: 3.359 Thread 0x0000023fdfc45000 Uncommon trap: reason=bimorphic action=maybe_recompile pc=0x0000023fc403bba8 method=java.io.DataInputStream.readFully([BII)V @ 34

Classes redefined (0 events):
No events

Internal exceptions (10 events):
Event: 2.382 Thread 0x0000023fdfc45000 Exception <a 'java/io/IOException'> (0x000000076ef360b0) thrown at [C:\jenkins\workspace\8-2-build-windows-amd64-cygwin\jdk8u321\2141\hotspot\src\share\vm\prims\jni.cpp, line 710]
Event: 2.382 Thread 0x0000023fdfc45000 Exception <a 'java/io/IOException'> (0x000000076ef36310) thrown at [C:\jenkins\workspace\8-2-build-windows-amd64-cygwin\jdk8u321\2141\hotspot\src\share\vm\prims\jni.cpp, line 710]
Event: 2.412 Thread 0x0000023fdfc45000 Exception <a 'java/io/IOException'> (0x000000076f103b70) thrown at [C:\jenkins\workspace\8-2-build-windows-amd64-cygwin\jdk8u321\2141\hotspot\src\share\vm\prims\jni.cpp, line 710]
Event: 2.412 Thread 0x0000023fdfc45000 Exception <a 'java/io/IOException'> (0x000000076f103e00) thrown at [C:\jenkins\workspace\8-2-build-windows-amd64-cygwin\jdk8u321\2141\hotspot\src\share\vm\prims\jni.cpp, line 710]
Event: 2.412 Thread 0x0000023fdfc45000 Exception <a 'java/io/IOException'> (0x000000076f104060) thrown at [C:\jenkins\workspace\8-2-build-windows-amd64-cygwin\jdk8u321\2141\hotspot\src\share\vm\prims\jni.cpp, line 710]
Event: 2.442 Thread 0x0000023fdfc45000 Exception <a 'java/io/IOException'> (0x000000076f2d1530) thrown at [C:\jenkins\workspace\8-2-build-windows-amd64-cygwin\jdk8u321\2141\hotspot\src\share\vm\prims\jni.cpp, line 710]
Event: 2.442 Thread 0x0000023fdfc45000 Exception <a 'java/io/IOException'> (0x000000076f2d17c0) thrown at [C:\jenkins\workspace\8-2-build-windows-amd64-cygwin\jdk8u321\2141\hotspot\src\share\vm\prims\jni.cpp, line 710]
Event: 2.442 Thread 0x0000023fdfc45000 Exception <a 'java/io/IOException'> (0x000000076f2d1a20) thrown at [C:\jenkins\workspace\8-2-build-windows-amd64-cygwin\jdk8u321\2141\hotspot\src\share\vm\prims\jni.cpp, line 710]
Event: 2.484 Thread 0x0000023fdfc45000 Exception <a 'java/io/IOException'> (0x000000076f4b2f50) thrown at [C:\jenkins\workspace\8-2-build-windows-amd64-cygwin\jdk8u321\2141\hotspot\src\share\vm\prims\jni.cpp, line 710]
Event: 2.485 Thread 0x0000023fdfc45000 Exception <a 'java/io/IOException'> (0x000000076f4b31b0) thrown at [C:\jenkins\workspace\8-2-build-windows-amd64-cygwin\jdk8u321\2141\hotspot\src\share\vm\prims\jni.cpp, line 710]

Events (10 events):
Event: 3.337 loading class java/util/zip/Deflater done
Event: 3.341 Thread 0x0000023fdfc45000 Uncommon trap: trap_request=0xffffffc6 fr.pc=0x0000023fc403bba8
Event: 3.341 Thread 0x0000023fdfc45000 DEOPT PACKING pc=0x0000023fc403bba8 sp=0x0000004a15bfef10
Event: 3.341 Thread 0x0000023fdfc45000 DEOPT UNPACKING pc=0x0000023fc3da58c3 sp=0x0000004a15bfeec0 mode 2
Event: 3.342 Thread 0x0000023fdfc45000 Uncommon trap: trap_request=0xffffffc6 fr.pc=0x0000023fc403bba8
Event: 3.342 Thread 0x0000023fdfc45000 DEOPT PACKING pc=0x0000023fc403bba8 sp=0x0000004a15bfee70
Event: 3.342 Thread 0x0000023fdfc45000 DEOPT UNPACKING pc=0x0000023fc3da58c3 sp=0x0000004a15bfee20 mode 2
Event: 3.359 Thread 0x0000023fdfc45000 Uncommon trap: trap_request=0xffffffc6 fr.pc=0x0000023fc403bba8
Event: 3.359 Thread 0x0000023fdfc45000 DEOPT PACKING pc=0x0000023fc403bba8 sp=0x0000004a15bfef10
Event: 3.359 Thread 0x0000023fdfc45000 DEOPT UNPACKING pc=0x0000023fc3da58c3 sp=0x0000004a15bfeec0 mode 2


Dynamic libraries:
0x00007ff745d90000 - 0x00007ff745dd7000 	C:\Program Files\Java\jre1.8.0_321\bin\javaw.exe
0x00007ff820df0000 - 0x00007ff820fe8000 	C:\WINDOWS\SYSTEM32\ntdll.dll
0x00007ff81f560000 - 0x00007ff81f61d000 	C:\WINDOWS\System32\KERNEL32.DLL
0x00007ff81ead0000 - 0x00007ff81edc6000 	C:\WINDOWS\System32\KERNELBASE.dll
0x00007ff8205f0000 - 0x00007ff82069e000 	C:\WINDOWS\System32\ADVAPI32.dll
0x00007ff820d10000 - 0x00007ff820dae000 	C:\WINDOWS\System32\msvcrt.dll
0x00007ff820400000 - 0x00007ff82049c000 	C:\WINDOWS\System32\sechost.dll
0x00007ff81fb80000 - 0x00007ff81fca6000 	C:\WINDOWS\System32\RPCRT4.dll
0x00007ff81f650000 - 0x00007ff81f7ee000 	C:\WINDOWS\System32\USER32.dll
0x00007ff81ee20000 - 0x00007ff81ee42000 	C:\WINDOWS\System32\win32u.dll
0x00007ff8206c0000 - 0x00007ff8206ec000 	C:\WINDOWS\System32\GDI32.dll
0x00007ff81e9b0000 - 0x00007ff81eaca000 	C:\WINDOWS\System32\gdi32full.dll
0x00007ff81e4d0000 - 0x00007ff81e56d000 	C:\WINDOWS\System32\msvcp_win.dll
0x00007ff81e570000 - 0x00007ff81e670000 	C:\WINDOWS\System32\ucrtbase.dll
0x00007ff80b330000 - 0x00007ff80b5ca000 	C:\WINDOWS\WinSxS\amd64_microsoft.windows.common-controls_6595b64144ccf1df_6.0.19041.1110_none_60b5254171f9507e\COMCTL32.dll
0x00007ff81f620000 - 0x00007ff81f650000 	C:\WINDOWS\System32\IMM32.DLL
0x00007ff819850000 - 0x00007ff819865000 	C:\Program Files\Java\jre1.8.0_321\bin\vcruntime140.dll
0x00007ffff7f10000 - 0x00007ffff7fab000 	C:\Program Files\Java\jre1.8.0_321\bin\msvcp140.dll
0x000000006e740000 - 0x000000006efa1000 	C:\Program Files\Java\jre1.8.0_321\bin\server\jvm.dll
0x00007ff81fb70000 - 0x00007ff81fb78000 	C:\WINDOWS\System32\PSAPI.DLL
0x00007ff814440000 - 0x00007ff814467000 	C:\WINDOWS\SYSTEM32\WINMM.dll
0x00007ff814470000 - 0x00007ff81447a000 	C:\WINDOWS\SYSTEM32\VERSION.dll
0x00007ff81b740000 - 0x00007ff81b749000 	C:\WINDOWS\SYSTEM32\WSOCK32.dll
0x00007ff81faa0000 - 0x00007ff81fb0b000 	C:\WINDOWS\System32\WS2_32.dll
0x00007ff81ccd0000 - 0x00007ff81cce2000 	C:\WINDOWS\SYSTEM32\kernel.appcore.dll
0x00007ff81b610000 - 0x00007ff81b620000 	C:\Program Files\Java\jre1.8.0_321\bin\verify.dll
0x00007ff8174b0000 - 0x00007ff8174db000 	C:\Program Files\Java\jre1.8.0_321\bin\java.dll
0x00007ff818f90000 - 0x00007ff818fa8000 	C:\Program Files\Java\jre1.8.0_321\bin\zip.dll
0x00007ff81fcb0000 - 0x00007ff8203f5000 	C:\WINDOWS\System32\SHELL32.dll
0x00007ff81c050000 - 0x00007ff81c7eb000 	C:\WINDOWS\SYSTEM32\windows.storage.dll
0x00007ff8208e0000 - 0x00007ff820c34000 	C:\WINDOWS\System32\combase.dll
0x00007ff81df10000 - 0x00007ff81df3e000 	C:\WINDOWS\SYSTEM32\Wldp.dll
0x00007ff820820000 - 0x00007ff8208cd000 	C:\WINDOWS\System32\SHCORE.dll
0x00007ff81f000000 - 0x00007ff81f055000 	C:\WINDOWS\System32\shlwapi.dll
0x00007ff81e400000 - 0x00007ff81e425000 	C:\WINDOWS\SYSTEM32\profapi.dll
0x00007fffd8450000 - 0x00007fffd85e5000 	C:\Program Files\Java\jre1.8.0_321\bin\awt.dll
0x00007ff820c40000 - 0x00007ff820d0d000 	C:\WINDOWS\System32\OLEAUT32.dll
0x00007ff81b750000 - 0x00007ff81b7e1000 	C:\WINDOWS\SYSTEM32\apphelp.dll
0x00007ff81b8e0000 - 0x00007ff81b97e000 	C:\WINDOWS\system32\uxtheme.dll
0x00007ff81f7f0000 - 0x00007ff81f904000 	C:\WINDOWS\System32\MSCTF.dll
0x00007ff8206f0000 - 0x00007ff82081a000 	C:\WINDOWS\System32\ole32.dll
0x00007ff81e920000 - 0x00007ff81e9a2000 	C:\WINDOWS\System32\bcryptPrimitives.dll
0x00007ff81bb60000 - 0x00007ff81bb8f000 	C:\WINDOWS\system32\DWMAPI.DLL
0x00007ff800c60000 - 0x00007ff800ca9000 	C:\Program Files\Java\jre1.8.0_321\bin\fontmanager.dll
0x00007ff818f30000 - 0x00007ff818f4c000 	C:\Program Files\Java\jre1.8.0_321\bin\net.dll
0x00007ff81dc70000 - 0x00007ff81dcda000 	C:\WINDOWS\system32\mswsock.dll
0x00007ff817470000 - 0x00007ff817483000 	C:\Program Files\Java\jre1.8.0_321\bin\nio.dll
0x00007fffdc490000 - 0x00007fffdc5b5000 	C:\WINDOWS\system32\opengl32.dll
0x00007fffdd3e0000 - 0x00007fffdd40c000 	C:\WINDOWS\SYSTEM32\GLU32.dll
0x00007ff8120b0000 - 0x00007ff81227d000 	C:\WINDOWS\system32\d3d9.dll
0x00007ff814480000 - 0x00007ff814638000 	C:\WINDOWS\System32\DriverStore\FileRepository\u0375185.inf_amd64_73f65969b9079bf6\B375122\aticfx64.dll
0x00007ff8171a0000 - 0x00007ff8171d4000 	C:\WINDOWS\System32\DriverStore\FileRepository\u0375185.inf_amd64_73f65969b9079bf6\B375122\atiu9p64.dll
0x00007fffc58f0000 - 0x00007fffc6644000 	C:\WINDOWS\System32\DriverStore\FileRepository\u0375185.inf_amd64_73f65969b9079bf6\B375122\atiumd64.dll
0x00007ff81c8b0000 - 0x00007ff81ca94000 	C:\WINDOWS\SYSTEM32\dbghelp.dll
0x00007ff809c70000 - 0x00007ff809ca4000 	C:\WINDOWS\SYSTEM32\dbgcore.DLL
0x000000006f280000 - 0x00000000700f3000 	C:\WINDOWS\System32\DriverStore\FileRepository\u0375185.inf_amd64_73f65969b9079bf6\B375122\atiumd6a.dll
0x00007ff81f060000 - 0x00007ff81f4ce000 	C:\WINDOWS\System32\SETUPAPI.dll
0x00007ff81edd0000 - 0x00007ff81ee1e000 	C:\WINDOWS\System32\cfgmgr32.dll
0x00007ff81e670000 - 0x00007ff81e697000 	C:\WINDOWS\System32\bcrypt.dll
0x00007ff81da30000 - 0x00007ff81da7b000 	C:\WINDOWS\SYSTEM32\POWRPROF.dll
0x00007ff81d8f0000 - 0x00007ff81d902000 	C:\WINDOWS\SYSTEM32\UMPDC.dll
0x00007ff812490000 - 0x00007ff8124c0000 	C:\WINDOWS\SYSTEM32\amdihk64.dll
0x00007ff814f70000 - 0x00007ff814fab000 	C:\WINDOWS\SYSTEM32\dxcore.dll
0x00007ffff1380000 - 0x00007ffff13c3000 	C:\Program Files\Java\jre1.8.0_321\bin\t2k.dll
0x00007ff81f970000 - 0x00007ff81fa19000 	C:\WINDOWS\System32\clbcatq.dll
0x00007ff817e80000 - 0x00007ff818034000 	C:\WINDOWS\SYSTEM32\WindowsCodecs.dll
0x00007ff816a00000 - 0x00007ff816a3e000 	C:\WINDOWS\system32\dataexchange.dll
0x00007ff81a330000 - 0x00007ff81a593000 	C:\WINDOWS\system32\d3d11.dll
0x00007ff81ab60000 - 0x00007ff81ad43000 	C:\WINDOWS\system32\dcomp.dll
0x00007ff81cd40000 - 0x00007ff81ce33000 	C:\WINDOWS\system32\dxgi.dll
0x00007ff817bc0000 - 0x00007ff817dc7000 	C:\WINDOWS\system32\twinapi.appcore.dll
0x00007ff811ac0000 - 0x00007ff811bba000 	C:\WINDOWS\SYSTEM32\textinputframework.dll
0x00007ff81b510000 - 0x00007ff81b602000 	C:\WINDOWS\System32\CoreMessaging.dll
0x00007ff81ae30000 - 0x00007ff81b18e000 	C:\WINDOWS\System32\CoreUIComponents.dll
0x00007ff81d630000 - 0x00007ff81d663000 	C:\WINDOWS\SYSTEM32\ntmarta.dll
0x00007ff819d70000 - 0x00007ff819ec5000 	C:\WINDOWS\SYSTEM32\wintypes.dll

VM Arguments:
java_command: C:\Users\zaqma\Desktop\RosePad server\RosepadServer.jar
java_class_path (initial): C:\Users\zaqma\Desktop\RosePad server\RosepadServer.jar
Launcher Type: SUN_STANDARD

Environment Variables:
PATH=C:\Program Files (x86)\Common Files\Intel\Shared Libraries\redist\intel64_win\compiler;C:\Program Files (x86)\Common Files\Oracle\Java\javapath;C:\WINDOWS\system32;C:\WINDOWS;C:\WINDOWS\System32\Wbem;C:\WINDOWS\System32\WindowsPowerShell\v1.0\;C:\WINDOWS\System32\OpenSSH\;C:\Users\zaqma\AppData\Local\Microsoft\WindowsApps;C:\adb;C:\Program Files (x86)\nodejs\;C:\Program Files\Git\cmd;C:\Program Files (x86)\CodeBlocks\MinGW\bin;C:\php\php-7.0.16;C:\Users\zaqma\AppData\Local\Microsoft\WindowsApps;C:\Users\zaqma\AppData\Local\GitHubDesktop\bin;C:\Users\zaqma\AppData\Roaming\npm;C:\Altirra-3.90;C:\MADS;C:\Program Files\CMake\bin;C:\Program Files\JetBrains\IntelliJ IDEA Community Edition 2023.1\bin;;C:\php;;C:\Program Files\JetBrains\CLion 2023.1.2\bin;;C:\Program Files\JetBrains\IntelliJ IDEA 2023.1.1\bin;;C:\Program Files\JetBrains\JetBrains Rider 2023.2\bin;
USERNAME=zaqma
OS=Windows_NT
PROCESSOR_IDENTIFIER=AMD64 Family 23 Model 96 Stepping 1, AuthenticAMD



---------------  S Y S T E M  ---------------

OS: Windows 10 , 64 bit Build 19041 (10.0.19041.3393)

CPU:total 8 (initial active 8) (8 cores per cpu, 1 threads per core) family 23 model 96 stepping 1, cmov, cx8, fxsr, mmx, sse, sse2, sse3, ssse3, sse4.1, sse4.2, popcnt, avx, avx2, aes, clmul, mmxext, 3dnowpref, lzcnt, sse4a, tsc, tscinvbit, tscinv, bmi1

Memory: 4k page, physical 16171176k(733612k free), swap 20298264k(5440k free)

vm_info: Java HotSpot(TM) 64-Bit Server VM (25.321-b07) for windows-amd64 JRE (1.8.0_321-b07), built on Dec 15 2021 11:19:20 by "java_re" with MS VC++ 15.9 (VS2017)

time: Wed Oct 11 14:49:41 2023
timezone: Central European Standard Time
elapsed time: 3.436004 seconds (0d 0h 0m 3s)

